[ WARN ] Keyword 'Capture Page Screenshot' could not be run on failure: Message: disconnected: not connected to DevTools
  (failed to check if window was closed: disconnected: not connected to DevTools)
  (Session info: chrome=114.0.5735.199)
Stacktrace:
Backtrace:
	GetHandleVerifier [0x007CA813+48355]
	(No symbol) [0x0075C4B1]
	(No symbol) [0x00665358]
	(No symbol) [0x00657D96]
	(No symbol) [0x00657AB9]
	(No symbol) [0x006667C0]
	(No symbol) [0x006BC4D8]
	(No symbol) [0x006AA536]
	(No symbol) [0x006882DC]
	(No symbol) [0x006893DD]
	GetHandleVerifier [0x00A2AABD+2539405]
	GetHandleVerifier [0x00A6A78F+2800735]
	GetHandleVerifier [0x00A6456C+2775612]
	GetHandleVerifier [0x008551E0+616112]
	(No symbol) [0x00765F8C]
	(No symbol) [0x00762328]
	(No symbol) [0x0076240B]
	(No symbol) [0x00754FF7]
	BaseThreadInitThunk [0x758300C9+25]
	RtlGetAppContainerNamedObjectPath [0x778A7B1E+286]
	RtlGetAppContainerNamedObjectPath [0x778A7AEE+238]

[ WARN ] Keyword 'Capture Page Screenshot' could not be run on failure: Message: disconnected: not connected to DevTools
  (failed to check if window was closed: disconnected: not connected to DevTools)
  (Session info: chrome=114.0.5735.199)
Stacktrace:
Backtrace:
	GetHandleVerifier [0x007CA813+48355]
	(No symbol) [0x0075C4B1]
	(No symbol) [0x00665358]
	(No symbol) [0x00657D96]
	(No symbol) [0x00657AB9]
	(No symbol) [0x006667C0]
	(No symbol) [0x006BC4D8]
	(No symbol) [0x006AA536]
	(No symbol) [0x006882DC]
	(No symbol) [0x006893DD]
	GetHandleVerifier [0x00A2AABD+2539405]
	GetHandleVerifier [0x00A6A78F+2800735]
	GetHandleVerifier [0x00A6456C+2775612]
	GetHandleVerifier [0x008551E0+616112]
	(No symbol) [0x00765F8C]
	(No symbol) [0x00762328]
	(No symbol) [0x0076240B]
	(No symbol) [0x00754FF7]
	BaseThreadInitThunk [0x758300C9+25]
	RtlGetAppContainerNamedObjectPath [0x778A7B1E+286]
	RtlGetAppContainerNamedObjectPath [0x778A7AEE+238]

